[0329/102445:ERROR:gpu_info_collector_win.cc(103)] Can't retrieve a valid WinSAT assessment.
[0329/102445:ERROR:proxy_service_factory.cc(105)] Cannot use V8 Proxy resolver in single process mode.
[0329/102446:ERROR:command_buffer_proxy_impl.cc(156)] Failed to initialize command buffer service.
[0329/102446:ERROR:webgraphicscontext3d_command_buffer_impl.cc(394)] CommandBufferProxy::Initialize failed.
[0329/102446:ERROR:webgraphicscontext3d_command_buffer_impl.cc(413)] Failed to initialize command buffer.
[0329/102446:ERROR:command_buffer_proxy_impl.cc(156)] Failed to initialize command buffer service.
[0329/102446:ERROR:webgraphicscontext3d_command_buffer_impl.cc(394)] CommandBufferProxy::Initialize failed.
[0329/102446:ERROR:webgraphicscontext3d_command_buffer_impl.cc(413)] Failed to initialize command buffer.
[0329/102446:ERROR:command_buffer_proxy_impl.cc(156)] Failed to initialize command buffer service.
[0329/102446:ERROR:webgraphicscontext3d_command_buffer_impl.cc(394)] CommandBufferProxy::Initialize failed.
[0329/102446:ERROR:webgraphicscontext3d_command_buffer_impl.cc(413)] Failed to initialize command buffer.
[0329/102446:ERROR:command_buffer_proxy_impl.cc(156)] Failed to initialize command buffer service.
[0329/102446:ERROR:webgraphicscontext3d_command_buffer_impl.cc(394)] CommandBufferProxy::Initialize failed.
[0329/102446:ERROR:webgraphicscontext3d_command_buffer_impl.cc(413)] Failed to initialize command buffer.
[0329/102446:ERROR:command_buffer_proxy_impl.cc(156)] Failed to initialize command buffer service.
[0329/102446:ERROR:webgraphicscontext3d_command_buffer_impl.cc(394)] CommandBufferProxy::Initialize failed.
[0329/102446:ERROR:webgraphicscontext3d_command_buffer_impl.cc(413)] Failed to initialize command buffer.
[0329/102446:ERROR:command_buffer_proxy_impl.cc(156)] Failed to initialize command buffer service.
[0329/102446:ERROR:webgraphicscontext3d_command_buffer_impl.cc(394)] CommandBufferProxy::Initialize failed.
[0329/102446:ERROR:webgraphicscontext3d_command_buffer_impl.cc(413)] Failed to initialize command buffer.
[0329/102446:ERROR:command_buffer_proxy_impl.cc(156)] Failed to initialize command buffer service.
[0329/102446:ERROR:webgraphicscontext3d_command_buffer_impl.cc(394)] CommandBufferProxy::Initialize failed.
[0329/102446:ERROR:webgraphicscontext3d_command_buffer_impl.cc(413)] Failed to initialize command buffer.
[0329/102446:ERROR:command_buffer_proxy_impl.cc(156)] Failed to initialize command buffer service.
[0329/102446:ERROR:webgraphicscontext3d_command_buffer_impl.cc(394)] CommandBufferProxy::Initialize failed.
[0329/102446:ERROR:webgraphicscontext3d_command_buffer_impl.cc(413)] Failed to initialize command buffer.
[0329/102449:ERROR:gpu_info_collector_win.cc(103)] Can't retrieve a valid WinSAT assessment.
[0329/102450:ERROR:renderer_main.cc(227)] Running without renderer sandbox
